<?xml version="1.0" encoding="UTF-8"?>
<!-- Generated by org.testng.reporters.JUnitXMLReporter -->
<testsuite ignored="0" hostname="ASHISH_SARODE" failures="0" tests="3" name="credit" time="0.614" errors="0" timestamp="2022-09-25T17:35:06 IST">
  <testcase classname="testngDemoPK1.DemoClass1" name="method1" time="0.039"/>
  <testcase classname="testngDemoPK2.DemoClass4" name="method4" time="0.004"/>
  <testcase classname="testngDemoPK2.DemoClass5" name="method5" time="0.01"/>
</testsuite> <!-- credit -->
