<?xml version="1.0" encoding="UTF-8"?>
<!-- Generated by org.testng.reporters.JUnitXMLReporter -->
<testsuite ignored="0" hostname="ASHISH_SARODE" failures="0" tests="3" name="debit" time="0.074" errors="0" timestamp="2022-09-25T17:35:07 IST">
  <testcase classname="testngDemoPK1.DemoClass2" name="method2" time="0.005"/>
  <testcase classname="testngDemoPK1.DemoClass3" name="method3" time="0.022"/>
  <testcase classname="testngDemoPK2.DemoClass6" name="c1m1" time="0.006"/>
</testsuite> <!-- debit -->
