<?xml version="1.0" encoding="UTF-8"?>
<testng-results ignored="0" total="1" passed="1" failed="0" skipped="0">
  <reporter-output>
  </reporter-output>
  <suite started-at="2022-09-30T13:00:15 IST" name="Suite" finished-at="2022-09-30T13:00:15 IST" duration-ms="452">
    <groups>
    </groups>
    <test started-at="2022-09-30T13:00:15 IST" name="Test" finished-at="2022-09-30T13:00:15 IST" duration-ms="452">
      <class name="testngDemoPK1.DemoClass1">
        <test-method signature="MethodB(java.lang.String,java.lang.String)[pri:0, instance:testngDemoPK1.DemoClass1@6c80d78a]" started-at="2022-09-30T13:00:15 IST" name="MethodB" data-provider="getdata" finished-at="2022-09-30T13:00:15 IST" duration-ms="34" status="PASS">
          <params>
            <param index="0">
              <value>
                <![CDATA[sarodeash28@gmail.com]]>
              </value>
            </param>
            <param index="1">
              <value>
                <![CDATA[Ashish28]]>
              </value>
            </param>
          </params>
          <reporter-output>
          </reporter-output>
        </test-method> <!-- MethodB -->
      </class> <!-- testngDemoPK1.DemoClass1 -->
    </test> <!-- Test -->
  </suite> <!-- Suite -->
</testng-results>
